<?xml version="1.0" encoding="UTF-8"?>
<coverage generated="1533057199282" clover="3.2.0">
  <project timestamp="1533057199283" name="All files">
    <metrics statements="121" coveredstatements="107" conditionals="64" coveredconditionals="56" methods="7" coveredmethods="5" elements="192" coveredelements="168" complexity="0" loc="121" ncloc="121" packages="6" files="13" classes="13">
      <package name="containers">
        <metrics statements="15" coveredstatements="14" conditionals="6" coveredconditionals="5" methods="4" coveredmethods="3"/>
        <file name="AlbumList.vue" path="/Users/basti/Documents/projects/player/src/containers/AlbumList.vue">
          <metrics statements="2" coveredstatements="1" conditionals="0" coveredconditionals="0" methods="1" coveredmethods="0"/>
          <line num="13" count="3" type="stmt"/>
          <line num="29" count="0" type="stmt"/>
        </file>
        <file name="LoginForm.vue" path="/Users/basti/Documents/projects/player/src/containers/LoginForm.vue">
          <metrics statements="13" coveredstatements="13" conditionals="6" coveredconditionals="5" methods="3" coveredmethods="3"/>
          <line num="9" count="4" type="stmt"/>
          <line num="25" count="1" type="stmt"/>
          <line num="29" count="11" type="stmt"/>
          <line num="30" count="11" type="cond" truecount="2" falsecount="0"/>
          <line num="31" count="4" type="stmt"/>
          <line num="32" count="4" type="stmt"/>
          <line num="35" count="10" type="cond" truecount="2" falsecount="0"/>
          <line num="37" count="4" type="stmt"/>
          <line num="38" count="4" type="stmt"/>
          <line num="39" count="4" type="stmt"/>
          <line num="40" count="4" type="stmt"/>
          <line num="42" count="4" type="stmt"/>
          <line num="44" count="8" type="cond" truecount="1" falsecount="1"/>
        </file>
      </package>
      <package name="routes">
        <metrics statements="3" coveredstatements="3" conditionals="0" coveredconditionals="0" methods="0" coveredmethods="0"/>
        <file name="config.js" path="/Users/basti/Documents/projects/player/src/routes/config.js">
          <metrics statements="0" coveredstatements="0" conditionals="0" coveredconditionals="0" methods="0" coveredmethods="0"/>
        </file>
        <file name="index.js" path="/Users/basti/Documents/projects/player/src/routes/index.js">
          <metrics statements="3" coveredstatements="3" conditionals="0" coveredconditionals="0" methods="0" coveredmethods="0"/>
          <line num="7" count="2" type="stmt"/>
          <line num="9" count="2" type="stmt"/>
          <line num="11" count="2" type="stmt"/>
        </file>
      </package>
      <package name="store">
        <metrics statements="2" coveredstatements="2" conditionals="0" coveredconditionals="0" methods="0" coveredmethods="0"/>
        <file name="config.js" path="/Users/basti/Documents/projects/player/src/store/config.js">
          <metrics statements="1" coveredstatements="1" conditionals="0" coveredconditionals="0" methods="0" coveredmethods="0"/>
          <line num="4" count="3" type="stmt"/>
        </file>
        <file name="index.js" path="/Users/basti/Documents/projects/player/src/store/index.js">
          <metrics statements="1" coveredstatements="1" conditionals="0" coveredconditionals="0" methods="0" coveredmethods="0"/>
          <line num="7" count="2" type="stmt"/>
        </file>
      </package>
      <package name="store.modules">
        <metrics statements="84" coveredstatements="72" conditionals="48" coveredconditionals="41" methods="0" coveredmethods="0"/>
        <file name="album.js" path="/Users/basti/Documents/projects/player/src/store/modules/album.js">
          <metrics statements="12" coveredstatements="12" conditionals="8" coveredconditionals="8" methods="0" coveredmethods="0"/>
          <line num="11" count="1" type="stmt"/>
          <line num="15" count="1" type="stmt"/>
          <line num="19" count="1" type="stmt"/>
          <line num="26" count="2" type="stmt"/>
          <line num="30" count="2" type="cond" truecount="2" falsecount="0"/>
          <line num="31" count="1" type="stmt"/>
          <line num="35" count="3" type="stmt"/>
          <line num="39" count="3" type="cond" truecount="2" falsecount="0"/>
          <line num="40" count="1" type="stmt"/>
          <line num="44" count="2" type="stmt"/>
          <line num="48" count="2" type="cond" truecount="2" falsecount="0"/>
          <line num="49" count="1" type="stmt"/>
        </file>
        <file name="client.js" path="/Users/basti/Documents/projects/player/src/store/modules/client.js">
          <metrics statements="28" coveredstatements="16" conditionals="16" coveredconditionals="10" methods="0" coveredmethods="0"/>
          <line num="4" count="1" type="stmt"/>
          <line num="12" count="1" type="stmt"/>
          <line num="28" count="4" type="stmt"/>
          <line num="29" count="4" type="cond" truecount="2" falsecount="0"/>
          <line num="30" count="3" type="cond" truecount="2" falsecount="0"/>
          <line num="32" count="2" type="stmt"/>
          <line num="40" count="2" type="stmt"/>
          <line num="41" count="2" type="stmt"/>
          <line num="48" count="2" type="stmt"/>
          <line num="49" count="2" type="stmt"/>
          <line num="50" count="2" type="cond" truecount="4" falsecount="0"/>
          <line num="51" count="1" type="cond" truecount="1" falsecount="1"/>
          <line num="52" count="0" type="stmt"/>
          <line num="53" count="0" type="stmt"/>
          <line num="54" count="0" type="stmt"/>
          <line num="57" count="1" type="stmt"/>
          <line num="61" count="1" type="cond" truecount="1" falsecount="1"/>
          <line num="63" count="1" type="stmt"/>
          <line num="64" count="1" type="stmt"/>
          <line num="67" count="0" type="stmt"/>
          <line num="72" count="0" type="stmt"/>
          <line num="73" count="0" type="stmt"/>
          <line num="77" count="0" type="stmt"/>
          <line num="79" count="0" type="cond" truecount="0" falsecount="2"/>
          <line num="81" count="0" type="stmt"/>
          <line num="83" count="0" type="cond" truecount="0" falsecount="2"/>
          <line num="85" count="0" type="stmt"/>
          <line num="90" count="0" type="stmt"/>
        </file>
        <file name="player.js" path="/Users/basti/Documents/projects/player/src/store/modules/player.js">
          <metrics statements="44" coveredstatements="44" conditionals="24" coveredconditionals="23" methods="0" coveredmethods="0"/>
          <line num="17" count="1" type="stmt"/>
          <line num="21" count="1" type="stmt"/>
          <line num="25" count="1" type="stmt"/>
          <line num="29" count="1" type="stmt"/>
          <line num="33" count="1" type="stmt"/>
          <line num="37" count="1" type="stmt"/>
          <line num="41" count="1" type="stmt"/>
          <line num="45" count="1" type="stmt"/>
          <line num="49" count="1" type="stmt"/>
          <line num="56" count="2" type="stmt"/>
          <line num="60" count="2" type="cond" truecount="2" falsecount="0"/>
          <line num="61" count="1" type="stmt"/>
          <line num="65" count="2" type="stmt"/>
          <line num="69" count="2" type="cond" truecount="2" falsecount="0"/>
          <line num="70" count="1" type="stmt"/>
          <line num="74" count="2" type="stmt"/>
          <line num="78" count="2" type="cond" truecount="2" falsecount="0"/>
          <line num="79" count="1" type="stmt"/>
          <line num="83" count="2" type="stmt"/>
          <line num="87" count="2" type="cond" truecount="2" falsecount="0"/>
          <line num="88" count="1" type="stmt"/>
          <line num="92" count="2" type="stmt"/>
          <line num="96" count="2" type="cond" truecount="2" falsecount="0"/>
          <line num="97" count="1" type="stmt"/>
          <line num="101" count="3" type="stmt"/>
          <line num="105" count="3" type="cond" truecount="2" falsecount="0"/>
          <line num="106" count="2" type="stmt"/>
          <line num="110" count="3" type="stmt"/>
          <line num="114" count="3" type="cond" truecount="2" falsecount="0"/>
          <line num="115" count="2" type="stmt"/>
          <line num="119" count="1" type="stmt"/>
          <line num="123" count="1" type="stmt"/>
          <line num="127" count="1" type="stmt"/>
          <line num="131" count="4" type="cond" truecount="2" falsecount="0"/>
          <line num="132" count="4" type="stmt"/>
          <line num="136" count="4" type="cond" truecount="2" falsecount="0"/>
          <line num="137" count="3" type="stmt"/>
          <line num="141" count="1" type="stmt"/>
          <line num="148" count="1" type="stmt"/>
          <line num="155" count="1" type="stmt"/>
          <line num="162" count="2" type="stmt"/>
          <line num="166" count="2" type="cond" truecount="2" falsecount="0"/>
          <line num="167" count="1" type="stmt"/>
          <line num="171" count="1" type="stmt"/>
        </file>
      </package>
      <package name="utils">
        <metrics statements="14" coveredstatements="13" conditionals="10" coveredconditionals="10" methods="3" coveredmethods="2"/>
        <file name="routerHelper.js" path="/Users/basti/Documents/projects/player/src/utils/routerHelper.js">
          <metrics statements="14" coveredstatements="13" conditionals="10" coveredconditionals="10" methods="3" coveredmethods="2"/>
          <line num="4" count="2" type="stmt"/>
          <line num="5" count="0" type="stmt"/>
          <line num="8" count="2" type="stmt"/>
          <line num="9" count="5" type="stmt"/>
          <line num="10" count="5" type="stmt"/>
          <line num="12" count="5" type="cond" truecount="4" falsecount="0"/>
          <line num="14" count="5" type="cond" truecount="2" falsecount="0"/>
          <line num="15" count="4" type="cond" truecount="2" falsecount="0"/>
          <line num="16" count="2" type="stmt"/>
          <line num="17" count="2" type="cond" truecount="2" falsecount="0"/>
          <line num="18" count="1" type="stmt"/>
          <line num="19" count="1" type="stmt"/>
          <line num="20" count="1" type="stmt"/>
          <line num="21" count="1" type="stmt"/>
        </file>
      </package>
      <package name="views">
        <metrics statements="3" coveredstatements="3" conditionals="0" coveredconditionals="0" methods="0" coveredmethods="0"/>
        <file name="Albums.vue" path="/Users/basti/Documents/projects/player/src/views/Albums.vue">
          <metrics statements="1" coveredstatements="1" conditionals="0" coveredconditionals="0" methods="0" coveredmethods="0"/>
          <line num="6" count="3" type="stmt"/>
        </file>
        <file name="Home.vue" path="/Users/basti/Documents/projects/player/src/views/Home.vue">
          <metrics statements="1" coveredstatements="1" conditionals="0" coveredconditionals="0" methods="0" coveredmethods="0"/>
          <line num="10" count="3" type="stmt"/>
        </file>
        <file name="Login.vue" path="/Users/basti/Documents/projects/player/src/views/Login.vue">
          <metrics statements="1" coveredstatements="1" conditionals="0" coveredconditionals="0" methods="0" coveredmethods="0"/>
          <line num="6" count="3" type="stmt"/>
        </file>
      </package>
    </metrics>
  </project>
</coverage>
