{"/Users/basti/Documents/projects/player/src/containers/AlbumList.vue": {"path":"/Users/basti/Documents/projects/player/src/containers/AlbumList.vue","statementMap":{"0":{"start":{"line":13,"column":0},"end":{"line":null,"column":-1}},"1":{"start":{"line":29,"column":0},"end":{"line":null,"column":-1}}},"fnMap":{"0":{"name":"fetchData","decl":{"start":{"line":28,"column":0},"end":{"line":null,"column":-1}},"loc":{"start":{"line":28,"column":0},"end":{"line":30,"column":0}}}},"branchMap":{},"s":{"0":3,"1":0},"f":{"0":0},"b":{}}
,"/Users/basti/Documents/projects/player/src/containers/LoginForm.vue": {"path":"/Users/basti/Documents/projects/player/src/containers/LoginForm.vue","statementMap":{"0":{"start":{"line":9,"column":0},"end":{"line":null,"column":-1}},"1":{"start":{"line":25,"column":0},"end":{"line":null,"column":-1}},"2":{"start":{"line":29,"column":0},"end":{"line":null,"column":-1}},"3":{"start":{"line":30,"column":0},"end":{"line":33,"column":0}},"4":{"start":{"line":31,"column":0},"end":{"line":null,"column":-1}},"5":{"start":{"line":32,"column":0},"end":{"line":null,"column":-1}},"6":{"start":{"line":35,"column":0},"end":{"line":null,"column":-1}},"7":{"start":{"line":37,"column":0},"end":{"line":41,"column":0}},"8":{"start":{"line":38,"column":0},"end":{"line":null,"column":-1}},"9":{"start":{"line":37,"column":0},"end":{"line":null,"column":-1}},"10":{"start":{"line":39,"column":0},"end":{"line":null,"column":-1}},"11":{"start":{"line":40,"column":0},"end":{"line":null,"column":-1}},"12":{"start":{"line":42,"column":0},"end":{"line":null,"column":-1}},"13":{"start":{"line":44,"column":0},"end":{"line":null,"column":-1}}},"fnMap":{"0":{"name":"handleClick","decl":{"start":{"line":24,"column":0},"end":{"line":null,"column":-1}},"loc":{"start":{"line":24,"column":0},"end":{"line":26,"column":0}}},"1":{"name":"getToken","decl":{"start":{"line":28,"column":0},"end":{"line":null,"column":-1}},"loc":{"start":{"line":28,"column":0},"end":{"line":45,"column":0}}},"2":{"name":"(anonymous_3)","decl":{"start":{"line":37,"column":0},"end":{"line":null,"column":-1}},"loc":{"start":{"line":37,"column":0},"end":{"line":41,"column":0}}}},"branchMap":{"0":{"loc":{"start":{"line":30,"column":0},"end":{"line":33,"column":0}},"type":"if","locations":[{"start":{"line":30,"column":0},"end":{"line":33,"column":0}},{"start":{"line":30,"column":0},"end":{"line":33,"column":0}}]},"1":{"loc":{"start":{"line":35,"column":0},"end":{"line":null,"column":-1}},"type":"if","locations":[{"start":{"line":35,"column":0},"end":{"line":null,"column":-1}},{"start":{"line":35,"column":0},"end":{"line":null,"column":-1}}]},"2":{"loc":{"start":{"line":44,"column":0},"end":{"line":null,"column":-1}},"type":"if","locations":[{"start":{"line":44,"column":0},"end":{"line":null,"column":-1}},{"start":{"line":44,"column":0},"end":{"line":null,"column":-1}}]}},"s":{"0":4,"1":1,"2":11,"3":11,"4":4,"5":4,"6":10,"7":4,"8":4,"9":4,"10":4,"11":4,"12":4,"13":8},"f":{"0":1,"1":11,"2":4},"b":{"0":[4,7],"1":[3,4],"2":[4,0]}}
,"/Users/basti/Documents/projects/player/src/routes/config.js": {"path":"/Users/basti/Documents/projects/player/src/routes/config.js","statementMap":{},"fnMap":{},"branchMap":{},"s":{},"f":{},"b":{},"_coverageSchema":"332fd63041d2c1bcb487cc26dd0d5f7d97098a6c","hash":"15e5d035500b3115cc3d878baffbdca43f79f77d"}
,"/Users/basti/Documents/projects/player/src/routes/index.js": {"path":"/Users/basti/Documents/projects/player/src/routes/index.js","statementMap":{"0":{"start":{"line":7,"column":0},"end":{"line":7,"column":16}},"1":{"start":{"line":9,"column":15},"end":{"line":9,"column":39}},"2":{"start":{"line":11,"column":0},"end":{"line":11,"column":38}}},"fnMap":{},"branchMap":{},"s":{"0":2,"1":2,"2":2},"f":{},"b":{},"_coverageSchema":"332fd63041d2c1bcb487cc26dd0d5f7d97098a6c","hash":"98cdf25efac5f7a98bc0ca621b014ab0f886b513"}
,"/Users/basti/Documents/projects/player/src/store/config.js": {"path":"/Users/basti/Documents/projects/player/src/store/config.js","statementMap":{"0":{"start":{"line":4,"column":6},"end":{"line":4,"column":40}}},"fnMap":{},"branchMap":{},"s":{"0":3},"f":{},"b":{},"_coverageSchema":"332fd63041d2c1bcb487cc26dd0d5f7d97098a6c","hash":"3a42c7dfe12162083d7f763ce1af71647f142c36"}
,"/Users/basti/Documents/projects/player/src/store/index.js": {"path":"/Users/basti/Documents/projects/player/src/store/index.js","statementMap":{"0":{"start":{"line":7,"column":0},"end":{"line":7,"column":14}}},"fnMap":{},"branchMap":{},"s":{"0":2},"f":{},"b":{},"_coverageSchema":"332fd63041d2c1bcb487cc26dd0d5f7d97098a6c","hash":"0483787e173db7b03c7636efaf00a0f543111ff1"}
,"/Users/basti/Documents/projects/player/src/store/modules/album.js": {"path":"/Users/basti/Documents/projects/player/src/store/modules/album.js","statementMap":{"0":{"start":{"line":11,"column":6},"end":{"line":11,"column":30}},"1":{"start":{"line":15,"column":6},"end":{"line":15,"column":42}},"2":{"start":{"line":19,"column":6},"end":{"line":19,"column":28}},"3":{"start":{"line":26,"column":18},"end":{"line":29,"column":24}},"4":{"start":{"line":30,"column":6},"end":{"line":30,"column":23}},"5":{"start":{"line":30,"column":16},"end":{"line":30,"column":23}},"6":{"start":{"line":31,"column":6},"end":{"line":31,"column":32}},"7":{"start":{"line":35,"column":18},"end":{"line":38,"column":24}},"8":{"start":{"line":39,"column":6},"end":{"line":39,"column":23}},"9":{"start":{"line":39,"column":16},"end":{"line":39,"column":23}},"10":{"start":{"line":40,"column":6},"end":{"line":40,"column":38}},"11":{"start":{"line":44,"column":18},"end":{"line":47,"column":24}},"12":{"start":{"line":48,"column":6},"end":{"line":48,"column":23}},"13":{"start":{"line":48,"column":16},"end":{"line":48,"column":23}},"14":{"start":{"line":49,"column":6},"end":{"line":49,"column":38}}},"fnMap":{},"branchMap":{"0":{"loc":{"start":{"line":30,"column":6},"end":{"line":30,"column":23}},"type":"if","locations":[{"start":{"line":30,"column":6},"end":{"line":30,"column":23}},{"start":{"line":30,"column":6},"end":{"line":30,"column":23}}],"line":30},"1":{"loc":{"start":{"line":34,"column":53},"end":{"line":34,"column":64}},"type":"default-arg","locations":[{"start":{"line":34,"column":61},"end":{"line":34,"column":64}}],"line":34},"2":{"loc":{"start":{"line":34,"column":66},"end":{"line":34,"column":76}},"type":"default-arg","locations":[{"start":{"line":34,"column":75},"end":{"line":34,"column":76}}],"line":34},"3":{"loc":{"start":{"line":39,"column":6},"end":{"line":39,"column":23}},"type":"if","locations":[{"start":{"line":39,"column":6},"end":{"line":39,"column":23}},{"start":{"line":39,"column":6},"end":{"line":39,"column":23}}],"line":39},"4":{"loc":{"start":{"line":48,"column":6},"end":{"line":48,"column":23}},"type":"if","locations":[{"start":{"line":48,"column":6},"end":{"line":48,"column":23}},{"start":{"line":48,"column":6},"end":{"line":48,"column":23}}],"line":48}},"s":{"0":1,"1":1,"2":1,"3":2,"4":2,"5":1,"6":1,"7":3,"8":3,"9":2,"10":1,"11":2,"12":2,"13":1,"14":1},"f":{},"b":{"0":[1,1],"1":[2],"2":[2],"3":[2,1],"4":[1,1]},"_coverageSchema":"332fd63041d2c1bcb487cc26dd0d5f7d97098a6c","hash":"8a87e032d43a2319f927b569cf3508b8765ceeb8"}
,"/Users/basti/Documents/projects/player/src/store/modules/client.js": {"path":"/Users/basti/Documents/projects/player/src/store/modules/client.js","statementMap":{"0":{"start":{"line":4,"column":15},"end":{"line":10,"column":12}},"1":{"start":{"line":12,"column":18},"end":{"line":17,"column":20}},"2":{"start":{"line":28,"column":30},"end":{"line":28,"column":35}},"3":{"start":{"line":29,"column":6},"end":{"line":29,"column":34}},"4":{"start":{"line":29,"column":27},"end":{"line":29,"column":34}},"5":{"start":{"line":30,"column":6},"end":{"line":30,"column":49}},"6":{"start":{"line":30,"column":42},"end":{"line":30,"column":49}},"7":{"start":{"line":32,"column":6},"end":{"line":39,"column":9}},"8":{"start":{"line":40,"column":6},"end":{"line":40,"column":41}},"9":{"start":{"line":41,"column":6},"end":{"line":41,"column":66}},"10":{"start":{"line":48,"column":35},"end":{"line":48,"column":40}},"11":{"start":{"line":49,"column":32},"end":{"line":49,"column":75}},"12":{"start":{"line":50,"column":6},"end":{"line":50,"column":37}},"13":{"start":{"line":50,"column":30},"end":{"line":50,"column":37}},"14":{"start":{"line":51,"column":6},"end":{"line":55,"column":7}},"15":{"start":{"line":52,"column":8},"end":{"line":52,"column":44}},"16":{"start":{"line":53,"column":8},"end":{"line":53,"column":29}},"17":{"start":{"line":54,"column":8},"end":{"line":54,"column":15}},"18":{"start":{"line":57,"column":6},"end":{"line":57,"column":48}},"19":{"start":{"line":61,"column":6},"end":{"line":68,"column":7}},"20":{"start":{"line":63,"column":10},"end":{"line":63,"column":52}},"21":{"start":{"line":64,"column":10},"end":{"line":64,"column":16}},"22":{"start":{"line":67,"column":10},"end":{"line":67,"column":16}},"23":{"start":{"line":72,"column":6},"end":{"line":72,"column":36}},"24":{"start":{"line":73,"column":6},"end":{"line":73,"column":27}},"25":{"start":{"line":77,"column":22},"end":{"line":77,"column":27}},"26":{"start":{"line":79,"column":6},"end":{"line":79,"column":28}},"27":{"start":{"line":79,"column":16},"end":{"line":79,"column":28}},"28":{"start":{"line":81,"column":18},"end":{"line":81,"column":47}},"29":{"start":{"line":83,"column":6},"end":{"line":83,"column":31}},"30":{"start":{"line":83,"column":15},"end":{"line":83,"column":31}},"31":{"start":{"line":85,"column":6},"end":{"line":85,"column":18}},"32":{"start":{"line":90,"column":18},"end":{"line":90,"column":35}}},"fnMap":{},"branchMap":{"0":{"loc":{"start":{"line":29,"column":6},"end":{"line":29,"column":34}},"type":"if","locations":[{"start":{"line":29,"column":6},"end":{"line":29,"column":34}},{"start":{"line":29,"column":6},"end":{"line":29,"column":34}}],"line":29},"1":{"loc":{"start":{"line":30,"column":6},"end":{"line":30,"column":49}},"type":"if","locations":[{"start":{"line":30,"column":6},"end":{"line":30,"column":49}},{"start":{"line":30,"column":6},"end":{"line":30,"column":49}}],"line":30},"2":{"loc":{"start":{"line":50,"column":6},"end":{"line":50,"column":37}},"type":"if","locations":[{"start":{"line":50,"column":6},"end":{"line":50,"column":37}},{"start":{"line":50,"column":6},"end":{"line":50,"column":37}}],"line":50},"3":{"loc":{"start":{"line":50,"column":10},"end":{"line":50,"column":28}},"type":"binary-expr","locations":[{"start":{"line":50,"column":10},"end":{"line":50,"column":21}},{"start":{"line":50,"column":25},"end":{"line":50,"column":28}}],"line":50},"4":{"loc":{"start":{"line":51,"column":6},"end":{"line":55,"column":7}},"type":"if","locations":[{"start":{"line":51,"column":6},"end":{"line":55,"column":7}},{"start":{"line":51,"column":6},"end":{"line":55,"column":7}}],"line":51},"5":{"loc":{"start":{"line":61,"column":6},"end":{"line":68,"column":7}},"type":"switch","locations":[{"start":{"line":62,"column":8},"end":{"line":64,"column":16}},{"start":{"line":66,"column":8},"end":{"line":67,"column":16}}],"line":61},"6":{"loc":{"start":{"line":79,"column":6},"end":{"line":79,"column":28}},"type":"if","locations":[{"start":{"line":79,"column":6},"end":{"line":79,"column":28}},{"start":{"line":79,"column":6},"end":{"line":79,"column":28}}],"line":79},"7":{"loc":{"start":{"line":83,"column":6},"end":{"line":83,"column":31}},"type":"if","locations":[{"start":{"line":83,"column":6},"end":{"line":83,"column":31}},{"start":{"line":83,"column":6},"end":{"line":83,"column":31}}],"line":83}},"s":{"0":1,"1":1,"2":4,"3":4,"4":1,"5":3,"6":1,"7":2,"8":2,"9":2,"10":2,"11":2,"12":2,"13":1,"14":1,"15":0,"16":0,"17":0,"18":1,"19":1,"20":1,"21":1,"22":0,"23":0,"24":0,"25":0,"26":0,"27":0,"28":0,"29":0,"30":0,"31":0,"32":0},"f":{},"b":{"0":[1,3],"1":[1,2],"2":[1,1],"3":[2,1],"4":[0,1],"5":[1,0],"6":[0,0],"7":[0,0]},"_coverageSchema":"332fd63041d2c1bcb487cc26dd0d5f7d97098a6c","hash":"b94b97a8f2551a2fab9c1d4c44dc847930cf779f"}
,"/Users/basti/Documents/projects/player/src/store/modules/player.js": {"path":"/Users/basti/Documents/projects/player/src/store/modules/player.js","statementMap":{"0":{"start":{"line":17,"column":6},"end":{"line":17,"column":30}},"1":{"start":{"line":21,"column":6},"end":{"line":21,"column":32}},"2":{"start":{"line":25,"column":6},"end":{"line":25,"column":30}},"3":{"start":{"line":29,"column":6},"end":{"line":29,"column":40}},"4":{"start":{"line":33,"column":6},"end":{"line":33,"column":28}},"5":{"start":{"line":37,"column":6},"end":{"line":37,"column":22}},"6":{"start":{"line":41,"column":6},"end":{"line":41,"column":28}},"7":{"start":{"line":45,"column":6},"end":{"line":45,"column":28}},"8":{"start":{"line":49,"column":6},"end":{"line":49,"column":30}},"9":{"start":{"line":56,"column":18},"end":{"line":59,"column":24}},"10":{"start":{"line":60,"column":6},"end":{"line":60,"column":23}},"11":{"start":{"line":60,"column":16},"end":{"line":60,"column":23}},"12":{"start":{"line":61,"column":6},"end":{"line":61,"column":32}},"13":{"start":{"line":65,"column":18},"end":{"line":68,"column":24}},"14":{"start":{"line":69,"column":6},"end":{"line":69,"column":23}},"15":{"start":{"line":69,"column":16},"end":{"line":69,"column":23}},"16":{"start":{"line":70,"column":6},"end":{"line":70,"column":33}},"17":{"start":{"line":74,"column":18},"end":{"line":77,"column":24}},"18":{"start":{"line":78,"column":6},"end":{"line":78,"column":23}},"19":{"start":{"line":78,"column":16},"end":{"line":78,"column":23}},"20":{"start":{"line":79,"column":6},"end":{"line":79,"column":32}},"21":{"start":{"line":83,"column":18},"end":{"line":86,"column":24}},"22":{"start":{"line":87,"column":6},"end":{"line":87,"column":23}},"23":{"start":{"line":87,"column":16},"end":{"line":87,"column":23}},"24":{"start":{"line":88,"column":6},"end":{"line":88,"column":37}},"25":{"start":{"line":92,"column":18},"end":{"line":95,"column":24}},"26":{"start":{"line":96,"column":6},"end":{"line":96,"column":23}},"27":{"start":{"line":96,"column":16},"end":{"line":96,"column":23}},"28":{"start":{"line":97,"column":6},"end":{"line":97,"column":25}},"29":{"start":{"line":101,"column":18},"end":{"line":104,"column":24}},"30":{"start":{"line":105,"column":6},"end":{"line":105,"column":23}},"31":{"start":{"line":105,"column":16},"end":{"line":105,"column":23}},"32":{"start":{"line":106,"column":6},"end":{"line":106,"column":30}},"33":{"start":{"line":110,"column":18},"end":{"line":113,"column":24}},"34":{"start":{"line":114,"column":6},"end":{"line":114,"column":23}},"35":{"start":{"line":114,"column":16},"end":{"line":114,"column":23}},"36":{"start":{"line":115,"column":6},"end":{"line":115,"column":34}},"37":{"start":{"line":119,"column":6},"end":{"line":119,"column":35}},"38":{"start":{"line":123,"column":6},"end":{"line":123,"column":37}},"39":{"start":{"line":127,"column":6},"end":{"line":127,"column":39}},"40":{"start":{"line":131,"column":6},"end":{"line":131,"column":37}},"41":{"start":{"line":131,"column":24},"end":{"line":131,"column":37}},"42":{"start":{"line":132,"column":18},"end":{"line":135,"column":24}},"43":{"start":{"line":136,"column":6},"end":{"line":136,"column":23}},"44":{"start":{"line":136,"column":16},"end":{"line":136,"column":23}},"45":{"start":{"line":137,"column":6},"end":{"line":137,"column":34}},"46":{"start":{"line":141,"column":6},"end":{"line":144,"column":25}},"47":{"start":{"line":148,"column":6},"end":{"line":151,"column":25}},"48":{"start":{"line":155,"column":6},"end":{"line":158,"column":50}},"49":{"start":{"line":162,"column":18},"end":{"line":165,"column":24}},"50":{"start":{"line":166,"column":6},"end":{"line":166,"column":23}},"51":{"start":{"line":166,"column":16},"end":{"line":166,"column":23}},"52":{"start":{"line":167,"column":6},"end":{"line":167,"column":34}},"53":{"start":{"line":171,"column":6},"end":{"line":174,"column":72}}},"fnMap":{},"branchMap":{"0":{"loc":{"start":{"line":60,"column":6},"end":{"line":60,"column":23}},"type":"if","locations":[{"start":{"line":60,"column":6},"end":{"line":60,"column":23}},{"start":{"line":60,"column":6},"end":{"line":60,"column":23}}],"line":60},"1":{"loc":{"start":{"line":69,"column":6},"end":{"line":69,"column":23}},"type":"if","locations":[{"start":{"line":69,"column":6},"end":{"line":69,"column":23}},{"start":{"line":69,"column":6},"end":{"line":69,"column":23}}],"line":69},"2":{"loc":{"start":{"line":78,"column":6},"end":{"line":78,"column":23}},"type":"if","locations":[{"start":{"line":78,"column":6},"end":{"line":78,"column":23}},{"start":{"line":78,"column":6},"end":{"line":78,"column":23}}],"line":78},"3":{"loc":{"start":{"line":87,"column":6},"end":{"line":87,"column":23}},"type":"if","locations":[{"start":{"line":87,"column":6},"end":{"line":87,"column":23}},{"start":{"line":87,"column":6},"end":{"line":87,"column":23}}],"line":87},"4":{"loc":{"start":{"line":96,"column":6},"end":{"line":96,"column":23}},"type":"if","locations":[{"start":{"line":96,"column":6},"end":{"line":96,"column":23}},{"start":{"line":96,"column":6},"end":{"line":96,"column":23}}],"line":96},"5":{"loc":{"start":{"line":100,"column":40},"end":{"line":100,"column":48}},"type":"default-arg","locations":[{"start":{"line":100,"column":47},"end":{"line":100,"column":48}}],"line":100},"6":{"loc":{"start":{"line":105,"column":6},"end":{"line":105,"column":23}},"type":"if","locations":[{"start":{"line":105,"column":6},"end":{"line":105,"column":23}},{"start":{"line":105,"column":6},"end":{"line":105,"column":23}}],"line":105},"7":{"loc":{"start":{"line":109,"column":42},"end":{"line":109,"column":56}},"type":"default-arg","locations":[{"start":{"line":109,"column":51},"end":{"line":109,"column":56}}],"line":109},"8":{"loc":{"start":{"line":114,"column":6},"end":{"line":114,"column":23}},"type":"if","locations":[{"start":{"line":114,"column":6},"end":{"line":114,"column":23}},{"start":{"line":114,"column":6},"end":{"line":114,"column":23}}],"line":114},"9":{"loc":{"start":{"line":130,"column":42},"end":{"line":130,"column":54}},"type":"default-arg","locations":[{"start":{"line":130,"column":51},"end":{"line":130,"column":54}}],"line":130},"10":{"loc":{"start":{"line":131,"column":6},"end":{"line":131,"column":37}},"type":"if","locations":[{"start":{"line":131,"column":6},"end":{"line":131,"column":37}},{"start":{"line":131,"column":6},"end":{"line":131,"column":37}}],"line":131},"11":{"loc":{"start":{"line":136,"column":6},"end":{"line":136,"column":23}},"type":"if","locations":[{"start":{"line":136,"column":6},"end":{"line":136,"column":23}},{"start":{"line":136,"column":6},"end":{"line":136,"column":23}}],"line":136},"12":{"loc":{"start":{"line":166,"column":6},"end":{"line":166,"column":23}},"type":"if","locations":[{"start":{"line":166,"column":6},"end":{"line":166,"column":23}},{"start":{"line":166,"column":6},"end":{"line":166,"column":23}}],"line":166},"13":{"loc":{"start":{"line":170,"column":46},"end":{"line":170,"column":57}},"type":"default-arg","locations":[{"start":{"line":170,"column":53},"end":{"line":170,"column":57}}],"line":170}},"s":{"0":1,"1":1,"2":1,"3":1,"4":1,"5":1,"6":1,"7":1,"8":1,"9":2,"10":2,"11":1,"12":1,"13":2,"14":2,"15":1,"16":1,"17":2,"18":2,"19":1,"20":1,"21":2,"22":2,"23":1,"24":1,"25":2,"26":2,"27":1,"28":1,"29":3,"30":3,"31":1,"32":2,"33":3,"34":3,"35":1,"36":2,"37":1,"38":1,"39":1,"40":4,"41":1,"42":4,"43":4,"44":1,"45":3,"46":1,"47":1,"48":1,"49":2,"50":2,"51":1,"52":1,"53":1},"f":{},"b":{"0":[1,1],"1":[1,1],"2":[1,1],"3":[1,1],"4":[1,1],"5":[2],"6":[1,2],"7":[2],"8":[1,2],"9":[2],"10":[1,3],"11":[1,3],"12":[1,1],"13":[0]},"_coverageSchema":"332fd63041d2c1bcb487cc26dd0d5f7d97098a6c","hash":"af33f45ee363c79ddb66576de707fe451db79bc9"}
,"/Users/basti/Documents/projects/player/src/utils/routerHelper.js": {"path":"/Users/basti/Documents/projects/player/src/utils/routerHelper.js","statementMap":{"0":{"start":{"line":4,"column":34},"end":{"line":6,"column":1}},"1":{"start":{"line":5,"column":2},"end":{"line":5,"column":32}},"2":{"start":{"line":8,"column":34},"end":{"line":22,"column":1}},"3":{"start":{"line":9,"column":23},"end":{"line":9,"column":36}},"4":{"start":{"line":10,"column":22},"end":{"line":10,"column":65}},"5":{"start":{"line":12,"column":2},"end":{"line":12,"column":62}},"6":{"start":{"line":12,"column":39},"end":{"line":12,"column":62}},"7":{"start":{"line":14,"column":2},"end":{"line":21,"column":16}},"8":{"start":{"line":14,"column":32},"end":{"line":14,"column":48}},"9":{"start":{"line":15,"column":4},"end":{"line":20,"column":35}},"10":{"start":{"line":16,"column":6},"end":{"line":16,"column":13}},"11":{"start":{"line":17,"column":11},"end":{"line":20,"column":35}},"12":{"start":{"line":18,"column":6},"end":{"line":18,"column":49}},"13":{"start":{"line":19,"column":6},"end":{"line":19,"column":13}},"14":{"start":{"line":20,"column":11},"end":{"line":20,"column":35}},"15":{"start":{"line":21,"column":9},"end":{"line":21,"column":16}}},"fnMap":{"0":{"name":"(anonymous_0)","decl":{"start":{"line":4,"column":34},"end":{"line":4,"column":35}},"loc":{"start":{"line":4,"column":40},"end":{"line":6,"column":1}},"line":4},"1":{"name":"(anonymous_1)","decl":{"start":{"line":8,"column":34},"end":{"line":8,"column":35}},"loc":{"start":{"line":8,"column":54},"end":{"line":22,"column":1}},"line":8},"2":{"name":"(anonymous_2)","decl":{"start":{"line":14,"column":22},"end":{"line":14,"column":23}},"loc":{"start":{"line":14,"column":32},"end":{"line":14,"column":48}},"line":14}},"branchMap":{"0":{"loc":{"start":{"line":12,"column":2},"end":{"line":12,"column":62}},"type":"if","locations":[{"start":{"line":12,"column":2},"end":{"line":12,"column":62}},{"start":{"line":12,"column":2},"end":{"line":12,"column":62}}],"line":12},"1":{"loc":{"start":{"line":12,"column":6},"end":{"line":12,"column":37}},"type":"binary-expr","locations":[{"start":{"line":12,"column":6},"end":{"line":12,"column":25}},{"start":{"line":12,"column":29},"end":{"line":12,"column":37}}],"line":12},"2":{"loc":{"start":{"line":14,"column":2},"end":{"line":21,"column":16}},"type":"if","locations":[{"start":{"line":14,"column":2},"end":{"line":21,"column":16}},{"start":{"line":14,"column":2},"end":{"line":21,"column":16}}],"line":14},"3":{"loc":{"start":{"line":15,"column":4},"end":{"line":20,"column":35}},"type":"if","locations":[{"start":{"line":15,"column":4},"end":{"line":20,"column":35}},{"start":{"line":15,"column":4},"end":{"line":20,"column":35}}],"line":15},"4":{"loc":{"start":{"line":17,"column":11},"end":{"line":20,"column":35}},"type":"if","locations":[{"start":{"line":17,"column":11},"end":{"line":20,"column":35}},{"start":{"line":17,"column":11},"end":{"line":20,"column":35}}],"line":17}},"s":{"0":2,"1":0,"2":2,"3":5,"4":5,"5":5,"6":1,"7":5,"8":5,"9":4,"10":2,"11":2,"12":1,"13":1,"14":1,"15":1},"f":{"0":0,"1":5,"2":5},"b":{"0":[1,4],"1":[5,1],"2":[4,1],"3":[2,2],"4":[1,1]},"_coverageSchema":"332fd63041d2c1bcb487cc26dd0d5f7d97098a6c","hash":"4f9e82399ea6307255ff0a46ec31bbe9770addb9"}
,"/Users/basti/Documents/projects/player/src/views/Albums.vue": {"path":"/Users/basti/Documents/projects/player/src/views/Albums.vue","statementMap":{"0":{"start":{"line":6,"column":0},"end":{"line":null,"column":-1}}},"fnMap":{},"branchMap":{},"s":{"0":3},"f":{},"b":{}}
,"/Users/basti/Documents/projects/player/src/views/Home.vue": {"path":"/Users/basti/Documents/projects/player/src/views/Home.vue","statementMap":{"0":{"start":{"line":10,"column":0},"end":{"line":null,"column":-1}}},"fnMap":{},"branchMap":{},"s":{"0":3},"f":{},"b":{}}
,"/Users/basti/Documents/projects/player/src/views/Login.vue": {"path":"/Users/basti/Documents/projects/player/src/views/Login.vue","statementMap":{"0":{"start":{"line":6,"column":0},"end":{"line":null,"column":-1}}},"fnMap":{},"branchMap":{},"s":{"0":3},"f":{},"b":{}}
}
