{"/Users/basti/Documents/projects/player/src/store/modules/player.js": {"path":"/Users/basti/Documents/projects/player/src/store/modules/player.js","statementMap":{"0":{"start":{"line":14,"column":6},"end":{"line":14,"column":30}},"1":{"start":{"line":18,"column":6},"end":{"line":18,"column":32}},"2":{"start":{"line":22,"column":6},"end":{"line":22,"column":30}},"3":{"start":{"line":26,"column":6},"end":{"line":26,"column":40}},"4":{"start":{"line":33,"column":18},"end":{"line":33,"column":62}},"5":{"start":{"line":34,"column":6},"end":{"line":34,"column":23}},"6":{"start":{"line":34,"column":16},"end":{"line":34,"column":23}},"7":{"start":{"line":35,"column":6},"end":{"line":35,"column":32}},"8":{"start":{"line":39,"column":18},"end":{"line":39,"column":54}},"9":{"start":{"line":40,"column":6},"end":{"line":40,"column":23}},"10":{"start":{"line":40,"column":16},"end":{"line":40,"column":23}},"11":{"start":{"line":41,"column":6},"end":{"line":41,"column":33}},"12":{"start":{"line":45,"column":18},"end":{"line":45,"column":70}},"13":{"start":{"line":46,"column":6},"end":{"line":46,"column":23}},"14":{"start":{"line":46,"column":16},"end":{"line":46,"column":23}},"15":{"start":{"line":47,"column":6},"end":{"line":47,"column":32}},"16":{"start":{"line":51,"column":18},"end":{"line":51,"column":72}},"17":{"start":{"line":52,"column":6},"end":{"line":52,"column":23}},"18":{"start":{"line":52,"column":16},"end":{"line":52,"column":23}},"19":{"start":{"line":53,"column":6},"end":{"line":53,"column":37}}},"fnMap":{},"branchMap":{"0":{"loc":{"start":{"line":34,"column":6},"end":{"line":34,"column":23}},"type":"if","locations":[{"start":{"line":34,"column":6},"end":{"line":34,"column":23}},{"start":{"line":34,"column":6},"end":{"line":34,"column":23}}],"line":34},"1":{"loc":{"start":{"line":40,"column":6},"end":{"line":40,"column":23}},"type":"if","locations":[{"start":{"line":40,"column":6},"end":{"line":40,"column":23}},{"start":{"line":40,"column":6},"end":{"line":40,"column":23}}],"line":40},"2":{"loc":{"start":{"line":46,"column":6},"end":{"line":46,"column":23}},"type":"if","locations":[{"start":{"line":46,"column":6},"end":{"line":46,"column":23}},{"start":{"line":46,"column":6},"end":{"line":46,"column":23}}],"line":46},"3":{"loc":{"start":{"line":52,"column":6},"end":{"line":52,"column":23}},"type":"if","locations":[{"start":{"line":52,"column":6},"end":{"line":52,"column":23}},{"start":{"line":52,"column":6},"end":{"line":52,"column":23}}],"line":52}},"s":{"0":1,"1":1,"2":1,"3":1,"4":2,"5":2,"6":1,"7":1,"8":2,"9":2,"10":1,"11":1,"12":2,"13":2,"14":1,"15":1,"16":2,"17":2,"18":1,"19":1},"f":{},"b":{"0":[1,1],"1":[1,1],"2":[1,1],"3":[1,1]},"_coverageSchema":"332fd63041d2c1bcb487cc26dd0d5f7d97098a6c","hash":"0adbb31c9096a14edde512ba605f8ed9e3610d40"}
}
