TN:
SF:/Users/basti/Documents/projects/player/src/containers/AlbumList.vue
FN:28,fetchData
FNF:1
FNH:0
FNDA:0,fetchData
DA:13,3
DA:29,0
LF:2
LH:1
BRF:0
BRH:0
end_of_record
TN:
SF:/Users/basti/Documents/projects/player/src/containers/LoginForm.vue
FN:24,handleClick
FN:28,getToken
FN:37,(anonymous_3)
FNF:3
FNH:3
FNDA:1,handleClick
FNDA:11,getToken
FNDA:4,(anonymous_3)
DA:9,4
DA:25,1
DA:29,11
DA:30,11
DA:31,4
DA:32,4
DA:35,10
DA:37,4
DA:38,4
DA:39,4
DA:40,4
DA:42,4
DA:44,8
LF:13
LH:13
BRDA:30,0,0,4
BRDA:30,0,1,7
BRDA:35,1,0,3
BRDA:35,1,1,4
BRDA:44,2,0,4
BRDA:44,2,1,0
BRF:6
BRH:5
end_of_record
TN:
SF:/Users/basti/Documents/projects/player/src/routes/config.js
FNF:0
FNH:0
LF:0
LH:0
BRF:0
BRH:0
end_of_record
TN:
SF:/Users/basti/Documents/projects/player/src/routes/index.js
FNF:0
FNH:0
DA:7,2
DA:9,2
DA:11,2
LF:3
LH:3
BRF:0
BRH:0
end_of_record
TN:
SF:/Users/basti/Documents/projects/player/src/store/config.js
FNF:0
FNH:0
DA:4,3
LF:1
LH:1
BRF:0
BRH:0
end_of_record
TN:
SF:/Users/basti/Documents/projects/player/src/store/index.js
FNF:0
FNH:0
DA:7,2
LF:1
LH:1
BRF:0
BRH:0
end_of_record
TN:
SF:/Users/basti/Documents/projects/player/src/store/modules/album.js
FNF:0
FNH:0
DA:11,1
DA:15,1
DA:19,1
DA:26,2
DA:30,2
DA:31,1
DA:35,3
DA:39,3
DA:40,1
DA:44,2
DA:48,2
DA:49,1
LF:12
LH:12
BRDA:30,0,0,1
BRDA:30,0,1,1
BRDA:34,1,0,2
BRDA:34,2,0,2
BRDA:39,3,0,2
BRDA:39,3,1,1
BRDA:48,4,0,1
BRDA:48,4,1,1
BRF:8
BRH:8
end_of_record
TN:
SF:/Users/basti/Documents/projects/player/src/store/modules/client.js
FNF:0
FNH:0
DA:4,1
DA:12,1
DA:28,4
DA:29,4
DA:30,3
DA:32,2
DA:40,2
DA:41,2
DA:48,2
DA:49,2
DA:50,2
DA:51,1
DA:52,0
DA:53,0
DA:54,0
DA:57,1
DA:61,1
DA:63,1
DA:64,1
DA:67,0
DA:72,0
DA:73,0
DA:77,0
DA:79,0
DA:81,0
DA:83,0
DA:85,0
DA:90,0
LF:28
LH:16
BRDA:29,0,0,1
BRDA:29,0,1,3
BRDA:30,1,0,1
BRDA:30,1,1,2
BRDA:50,2,0,1
BRDA:50,2,1,1
BRDA:50,3,0,2
BRDA:50,3,1,1
BRDA:51,4,0,0
BRDA:51,4,1,1
BRDA:61,5,0,1
BRDA:61,5,1,0
BRDA:79,6,0,0
BRDA:79,6,1,0
BRDA:83,7,0,0
BRDA:83,7,1,0
BRF:16
BRH:10
end_of_record
TN:
SF:/Users/basti/Documents/projects/player/src/store/modules/player.js
FNF:0
FNH:0
DA:17,1
DA:21,1
DA:25,1
DA:29,1
DA:33,1
DA:37,1
DA:41,1
DA:45,1
DA:49,1
DA:56,2
DA:60,2
DA:61,1
DA:65,2
DA:69,2
DA:70,1
DA:74,2
DA:78,2
DA:79,1
DA:83,2
DA:87,2
DA:88,1
DA:92,2
DA:96,2
DA:97,1
DA:101,3
DA:105,3
DA:106,2
DA:110,3
DA:114,3
DA:115,2
DA:119,1
DA:123,1
DA:127,1
DA:131,4
DA:132,4
DA:136,4
DA:137,3
DA:141,1
DA:148,1
DA:155,1
DA:162,2
DA:166,2
DA:167,1
DA:171,1
LF:44
LH:44
BRDA:60,0,0,1
BRDA:60,0,1,1
BRDA:69,1,0,1
BRDA:69,1,1,1
BRDA:78,2,0,1
BRDA:78,2,1,1
BRDA:87,3,0,1
BRDA:87,3,1,1
BRDA:96,4,0,1
BRDA:96,4,1,1
BRDA:100,5,0,2
BRDA:105,6,0,1
BRDA:105,6,1,2
BRDA:109,7,0,2
BRDA:114,8,0,1
BRDA:114,8,1,2
BRDA:130,9,0,2
BRDA:131,10,0,1
BRDA:131,10,1,3
BRDA:136,11,0,1
BRDA:136,11,1,3
BRDA:166,12,0,1
BRDA:166,12,1,1
BRDA:170,13,0,0
BRF:24
BRH:23
end_of_record
TN:
SF:/Users/basti/Documents/projects/player/src/utils/routerHelper.js
FN:4,(anonymous_0)
FN:8,(anonymous_1)
FN:14,(anonymous_2)
FNF:3
FNH:2
FNDA:0,(anonymous_0)
FNDA:5,(anonymous_1)
FNDA:5,(anonymous_2)
DA:4,2
DA:5,0
DA:8,2
DA:9,5
DA:10,5
DA:12,5
DA:14,5
DA:15,4
DA:16,2
DA:17,2
DA:18,1
DA:19,1
DA:20,1
DA:21,1
LF:14
LH:13
BRDA:12,0,0,1
BRDA:12,0,1,4
BRDA:12,1,0,5
BRDA:12,1,1,1
BRDA:14,2,0,4
BRDA:14,2,1,1
BRDA:15,3,0,2
BRDA:15,3,1,2
BRDA:17,4,0,1
BRDA:17,4,1,1
BRF:10
BRH:10
end_of_record
TN:
SF:/Users/basti/Documents/projects/player/src/views/Albums.vue
FNF:0
FNH:0
DA:6,3
LF:1
LH:1
BRF:0
BRH:0
end_of_record
TN:
SF:/Users/basti/Documents/projects/player/src/views/Home.vue
FNF:0
FNH:0
DA:10,3
LF:1
LH:1
BRF:0
BRH:0
end_of_record
TN:
SF:/Users/basti/Documents/projects/player/src/views/Login.vue
FNF:0
FNH:0
DA:6,3
LF:1
LH:1
BRF:0
BRH:0
end_of_record
