TN:
SF:/Users/basti/Documents/projects/player/src/store/modules/album.js
FNF:0
FNH:0
DA:13,1
DA:17,1
DA:21,1
DA:28,2
DA:29,2
DA:30,1
DA:34,3
DA:35,3
DA:36,1
DA:40,2
DA:41,2
DA:42,1
LF:12
LH:12
BRDA:29,0,0,1
BRDA:29,0,1,1
BRDA:33,1,0,2
BRDA:33,2,0,2
BRDA:35,3,0,2
BRDA:35,3,1,1
BRDA:41,4,0,1
BRDA:41,4,1,1
BRF:8
BRH:8
end_of_record
TN:
SF:/Users/basti/Documents/projects/player/src/store/modules/player.js
FNF:0
FNH:0
DA:19,1
DA:23,1
DA:27,1
DA:31,1
DA:35,1
DA:39,1
DA:43,1
DA:47,1
DA:51,1
DA:58,2
DA:59,2
DA:60,1
DA:64,2
DA:65,2
DA:66,1
DA:70,2
DA:71,2
DA:72,1
DA:76,2
DA:77,2
DA:78,1
DA:82,2
DA:83,2
DA:84,1
DA:88,3
DA:89,3
DA:90,2
DA:94,3
DA:95,3
DA:96,2
DA:100,1
DA:104,1
DA:108,1
DA:112,4
DA:113,4
DA:114,4
DA:115,3
DA:119,1
DA:123,1
DA:127,1
DA:131,2
DA:132,2
DA:133,1
DA:137,1
LF:44
LH:44
BRDA:59,0,0,1
BRDA:59,0,1,1
BRDA:65,1,0,1
BRDA:65,1,1,1
BRDA:71,2,0,1
BRDA:71,2,1,1
BRDA:77,3,0,1
BRDA:77,3,1,1
BRDA:83,4,0,1
BRDA:83,4,1,1
BRDA:87,5,0,2
BRDA:89,6,0,1
BRDA:89,6,1,2
BRDA:93,7,0,2
BRDA:95,8,0,1
BRDA:95,8,1,2
BRDA:111,9,0,2
BRDA:112,10,0,1
BRDA:112,10,1,3
BRDA:114,11,0,1
BRDA:114,11,1,3
BRDA:132,12,0,1
BRDA:132,12,1,1
BRDA:136,13,0,0
BRF:24
BRH:23
end_of_record
TN:
SF:/Users/basti/Documents/projects/player/src/utils/spotifyClient.js
FN:1,(anonymous_0)
FN:3,(anonymous_1)
FN:5,(anonymous_2)
FNF:3
FNH:0
FNDA:0,(anonymous_0)
FNDA:0,(anonymous_1)
FNDA:0,(anonymous_2)
DA:1,3
DA:3,3
DA:5,3
LF:3
LH:3
BRF:0
BRH:0
end_of_record
